<?xml version="1.0" encoding="UTF-8"?>
<testng-results ignored="0" total="1" passed="1" failed="0" skipped="0">
  <reporter-output>
  </reporter-output>
  <suite started-at="2022-12-15T11:41:47 IST" name="Default suite" finished-at="2022-12-15T11:42:06 IST" duration-ms="19125">
    <groups>
    </groups>
    <test started-at="2022-12-15T11:41:47 IST" name="Default test" finished-at="2022-12-15T11:42:06 IST" duration-ms="19125">
      <class name="SeleniumSample">
        <test-method signature="test()[pri:0, instance:SeleniumSample@3e11f9e9]" started-at="2022-12-15T11:41:47 IST" name="test" finished-at="2022-12-15T11:42:06 IST" duration-ms="19043" status="PASS">
          <reporter-output>
          </reporter-output>
        </test-method> <!-- test -->
      </class> <!-- SeleniumSample -->
    </test> <!-- Default test -->
  </suite> <!-- Default suite -->
</testng-results>
