<?xml version="1.0" encoding="UTF-8"?>
<testng-results ignored="0" total="4" passed="4" failed="0" skipped="0">
  <reporter-output>
  </reporter-output>
  <suite started-at="2022-12-17T20:35:53 IST" name="Default suite" finished-at="2022-12-17T20:36:29 IST" duration-ms="35386">
    <groups>
      <group name="cucumber">
        <method signature="AbstractTestNGCucumberTests.runScenario(io.cucumber.testng.PickleWrapper,io.cucumber.testng.FeatureWrapper)[pri:0, instance:com.cucumbertestngstructure.TestNGTestRunner@7674f035]" name="runScenario" class="io.cucumber.testng.AbstractTestNGCucumberTests"/>
      </group> <!-- cucumber -->
    </groups>
    <test started-at="2022-12-17T20:35:53 IST" name="Default test" finished-at="2022-12-17T20:36:29 IST" duration-ms="35386">
      <class name="com.cucumbertestngstructure.TestNGTestRunner">
        <test-method is-config="true" signature="setUpClass()[pri:0, instance:com.cucumbertestngstructure.TestNGTestRunner@7674f035]" started-at="2022-12-17T20:35:53 IST" name="setUpClass" finished-at="2022-12-17T20:35:55 IST" duration-ms="1991" status="PASS">
          <reporter-output>
          </reporter-output>
        </test-method> <!-- setUpClass -->
        <test-method signature="runScenario(io.cucumber.testng.PickleWrapper,io.cucumber.testng.FeatureWrapper)[pri:0, instance:com.cucumbertestngstructure.TestNGTestRunner@7674f035]" started-at="2022-12-17T20:35:55 IST" name="runScenario" description="Runs Cucumber Scenarios" data-provider="scenarios" finished-at="2022-12-17T20:36:25 IST" duration-ms="29991" status="PASS">
          <params>
            <param index="0">
              <value>
                <![CDATA["Test title of login page"]]>
              </value>
            </param>
            <param index="1">
              <value>
                <![CDATA["Optional[Orange HRM login]"]]>
              </value>
            </param>
          </params>
          <reporter-output>
          </reporter-output>
        </test-method> <!-- runScenario -->
        <test-method signature="runScenario(io.cucumber.testng.PickleWrapper,io.cucumber.testng.FeatureWrapper)[pri:0, instance:com.cucumbertestngstructure.TestNGTestRunner@7674f035]" started-at="2022-12-17T20:35:55 IST" name="runScenario" description="Runs Cucumber Scenarios" data-provider="scenarios" finished-at="2022-12-17T20:36:24 IST" duration-ms="28895" status="PASS">
          <params>
            <param index="0">
              <value>
                <![CDATA["Test Forgot your password"]]>
              </value>
            </param>
            <param index="1">
              <value>
                <![CDATA["Optional[Orange HRM login]"]]>
              </value>
            </param>
          </params>
          <reporter-output>
          </reporter-output>
        </test-method> <!-- runScenario -->
        <test-method signature="runScenario(io.cucumber.testng.PickleWrapper,io.cucumber.testng.FeatureWrapper)[pri:0, instance:com.cucumbertestngstructure.TestNGTestRunner@7674f035]" started-at="2022-12-17T20:35:55 IST" name="runScenario" description="Runs Cucumber Scenarios" data-provider="scenarios" finished-at="2022-12-17T20:36:25 IST" duration-ms="29992" status="PASS">
          <params>
            <param index="0">
              <value>
                <![CDATA["Test login of orange hrm"]]>
              </value>
            </param>
            <param index="1">
              <value>
                <![CDATA["Optional[Orange HRM login]"]]>
              </value>
            </param>
          </params>
          <reporter-output>
          </reporter-output>
        </test-method> <!-- runScenario -->
        <test-method signature="runScenario(io.cucumber.testng.PickleWrapper,io.cucumber.testng.FeatureWrapper)[pri:0, instance:com.cucumbertestngstructure.TestNGTestRunner@7674f035]" started-at="2022-12-17T20:35:55 IST" name="runScenario" description="Runs Cucumber Scenarios" data-provider="scenarios" finished-at="2022-12-17T20:36:25 IST" duration-ms="29682" status="PASS">
          <params>
            <param index="0">
              <value>
                <![CDATA["Test dashboard page after login"]]>
              </value>
            </param>
            <param index="1">
              <value>
                <![CDATA["Optional[Orange HRM Dashboard page test]"]]>
              </value>
            </param>
          </params>
          <reporter-output>
          </reporter-output>
        </test-method> <!-- runScenario -->
        <test-method is-config="true" signature="tearDownClass()[pri:0, instance:com.cucumbertestngstructure.TestNGTestRunner@7674f035]" started-at="2022-12-17T20:36:25 IST" name="tearDownClass" finished-at="2022-12-17T20:36:29 IST" duration-ms="3178" status="PASS">
          <reporter-output>
          </reporter-output>
        </test-method> <!-- tearDownClass -->
      </class> <!-- com.cucumbertestngstructure.TestNGTestRunner -->
    </test> <!-- Default test -->
  </suite> <!-- Default suite -->
</testng-results>
